<?xml version="1.0" encoding="UTF-8"?>
<testsuite xmlns:xsi="http://www.w3.org/2001/XMLSchema-instance" xsi:noNamespaceSchemaLocation="https://maven.apache.org/surefire/maven-surefire-plugin/xsd/surefire-test-report-3.0.xsd" version="3.0" name="TestSuite" time="148.436" tests="8" errors="0" skipped="0" failures="1">
  <properties>
[...]
</properties>
  <testcase name="verifyNavigateUrl" classname="com.testvagrant.test.HomePageTest" time="34.905"/>
  <testcase name="verifyNavigateUrl" classname="com.testvagrant.test.HomePageTest" time="2.121">
    <failure message="timeout: Timed out receiving message from renderer: 59.685&#10;  (Session info: chrome=90.0.4430.93)&#10;Build info: version: &apos;3.141.59&apos;, revision: &apos;e82be7d358&apos;, time: &apos;2018-11-14T08:17:03&apos;&#10;System info: host: &apos;DESKTOP-UMFSCEV&apos;, ip: &apos;192.168.56.1&apos;, os.name: &apos;Windows 10&apos;, os.arch: &apos;amd64&apos;, os.version: &apos;10.0&apos;, java.version: &apos;11.0.3&apos;&#10;Driver info: org.openqa.selenium.chrome.ChromeDriver&#10;Capabilities {acceptInsecureCerts: true, browserName: chrome, browserVersion: 90.0.4430.93, chrome: {chromedriverVersion: 89.0.4389.23 (61b08ee2c5002..., userDataDir: C:\Users\Chandan\AppData\Lo...}, goog:chromeOptions: {debuggerAddress: localhost:61140}, javascriptEnabled: true, networkConnectionEnabled: false, pageLoadStrategy: normal, platform: WINDOWS, platformName: WINDOWS, proxy: Proxy(), setWindowRect: true, strictFileInteractability: false, timeouts: {implicit: 0, pageLoad: 300000, script: 30000}, unhandledPromptBehavior: dismiss and notify, webauthn:extension:largeBlob: true, webauthn:virtualAuthenticators: true}&#10;Session ID: c6c4fd11dbddc5bd527d24633ab264d2" type="org.openqa.selenium.TimeoutException">org.openqa.selenium.TimeoutException: 
timeout: Timed out receiving message from renderer: 59.685
  (Session info: chrome=90.0.4430.93)
Build info: version: '3.141.59', revision: 'e82be7d358', time: '2018-11-14T08:17:03'
System info: host: 'DESKTOP-UMFSCEV', ip: '192.168.56.1', os.name: 'Windows 10', os.arch: 'amd64', os.version: '10.0', java.version: '11.0.3'
Driver info: org.openqa.selenium.chrome.ChromeDriver
Capabilities {acceptInsecureCerts: true, browserName: chrome, browserVersion: 90.0.4430.93, chrome: {chromedriverVersion: 89.0.4389.23 (61b08ee2c5002..., userDataDir: C:\Users\Chandan\AppData\Lo...}, goog:chromeOptions: {debuggerAddress: localhost:61140}, javascriptEnabled: true, networkConnectionEnabled: false, pageLoadStrategy: normal, platform: WINDOWS, platformName: WINDOWS, proxy: Proxy(), setWindowRect: true, strictFileInteractability: false, timeouts: {implicit: 0, pageLoad: 300000, script: 30000}, unhandledPromptBehavior: dismiss and notify, webauthn:extension:largeBlob: true, webauthn:virtualAuthenticators: true}
Session ID: c6c4fd11dbddc5bd527d24633ab264d2
	at com.testvagrant.test.HomePageTest.verifyNavigateUrl(HomePageTest.java:27)
</failure>
    <system-out><![CDATA[2021-05-11 23:05:26 INFO  : Clicking on Element: [[[[FirefoxDriver: firefox on WINDOWS (d950e26c-de20-48c9-a1f9-ccc59b8ab8d6)] -> xpath: //input[@type='checkbox']]] -> xpath: //input[@id='Bengaluru']]
2021-05-11 23:05:27 INFO  : Clicking on Element: [[[[FirefoxDriver: firefox on WINDOWS (d950e26c-de20-48c9-a1f9-ccc59b8ab8d6)] -> xpath: //input[@type='checkbox']]] -> xpath: //input[@id='Bhopal']]
]]></system-out>
    <system-err><![CDATA[[1620754527.569][SEVERE]: Timed out receiving message from renderer: 59.685
[1620754527.589][SEVERE]: Timed out receiving message from renderer: 59.685
]]></system-err>
  </testcase>
  <testcase name="verifySubMenuButton" classname="com.testvagrant.test.HomePageTest" time="2.563"/>
  <testcase name="verifySubMenuButton" classname="com.testvagrant.test.HomePageTest" time="7.613"/>
  <testcase name="verifyWeatherSectionButton" classname="com.testvagrant.test.HomePageTest" time="8.728"/>
  <testcase name="verifyWeatherSectionButton" classname="com.testvagrant.test.HomePageTest" time="11.706"/>
  <testcase name="verifyWeatherDetailsPopup" classname="com.testvagrant.test.WeatherPageTest" time="12.811"/>
  <testcase name="verifyWeatherDetailsPopup" classname="com.testvagrant.test.WeatherPageTest" time="31.722"/>
</testsuite>